=========================================
Lesson 60: Documentation System Setup
=========================================
Creating project structure...
Creating package.json...
Creating tsconfig.json...
Creating webpack.config.js...
Creating jest.config.js...
Creating public/index.html...
Creating type definitions...
Creating documentation parser...
Creating runbook generator...
Creating runbook validator...
Creating metrics calculator...
Creating architecture diagram generator...
Creating Dashboard component...
Creating MetricsPanel component...
Creating RunbookViewer component...
Creating ArchitectureDiagram component...
Creating main index.tsx...
Creating CLI generation tool...
setup.sh: line 1553: src/cli/generate.ts: No such file or directory
