==================================
Performance Engineering System Setup
==================================
[0;34mCreating project structure...[0m
[0;32mCreating package.json...[0m
[0;32mCreating tsconfig.json...[0m
[0;32mCreating vite.config.ts...[0m
[0;32mCreating metrics collector...[0m
[0;32mCreating performance analyzer...[0m
[0;32mCreating test orchestrator...[0m
[0;32mCreating optimization engine...[0m
[0;32mCreating backend server...[0m
[0;32mCreating React dashboard...[0m
[0;32mCreating dashboard components...[0m
[0;32mCreating styles...[0m
[0;32mCreating main entry points...[0m
[0;32mCreating tests...[0m
[0;32mCreating Docker configuration...[0m
[0;32mCreating build script...[0m
[0;32mCreating start script...[0m
[0;32mCreating stop script...[0m
[0;32mCreating README...[0m
[0;34mInstalling dependencies...[0m
